{"$message_type":"diagnostic","message":"the name `classify_page` is defined multiple times","code":{"code":"E0255","explanation":"You can't import a value whose name is the same as another value defined in the\nmodule.\n\nErroneous code example:\n\n```compile_fail,E0255\nuse bar::foo; // error: an item named `foo` is already in scope\n\nfn foo() {}\n\nmod bar {\n     pub fn foo() {}\n}\n\nfn main() {}\n```\n\nYou can use aliases in order to fix this error. Example:\n\n```\nuse bar::foo as bar_foo; // ok!\n\nfn foo() {}\n\nmod bar {\n     pub fn foo() {}\n}\n\nfn main() {}\n```\n\nOr you can reference the item with its parent:\n\n```\nfn foo() {}\n\nmod bar {\n     pub fn foo() {}\n}\n\nfn main() {\n    bar::foo(); // we get the item by referring to its parent\n}\n```\n"},"level":"error","spans":[{"file_name":"src/fusion/finalize.rs","byte_start":118,"byte_end":198,"line_start":4,"line_end":4,"column_start":1,"column_end":81,"is_primary":true,"text":[{"text":"pub fn classify_page(parser: &PageHypothesis, ocr: &PageHypothesis) -> PageClass {","highlight_start":1,"highlight_end":81}],"label":"`classify_page` redefined here","suggested_replacement":null,"suggestion_applicability":null,"expansion":null},{"file_name":"src/fusion/finalize.rs","byte_start":88,"byte_end":101,"line_start":2,"line_end":2,"column_start":36,"column_end":49,"is_primary":false,"text":[{"text":"use crate::core::page_classifier::{classify_page, PageSignals};","highlight_start":36,"highlight_end":49}],"label":"previous import of the value `classify_page` here","suggested_replacement":null,"suggestion_applicability":null,"expansion":null}],"children":[{"message":"`classify_page` must be defined only once in the value namespace of this module","code":null,"level":"note","spans":[],"children":[],"rendered":null},{"message":"you can use `as` to change the binding name of the import","code":null,"level":"help","spans":[{"file_name":"src/fusion/finalize.rs","byte_start":101,"byte_end":101,"line_start":2,"line_end":2,"column_start":49,"column_end":49,"is_primary":true,"text":[{"text":"use crate::core::page_classifier::{classify_page, PageSignals};","highlight_start":49,"highlight_end":49}],"label":null,"suggested_replacement":" as other_classify_page","suggestion_applicability":"MaybeIncorrect","expansion":null}],"children":[],"rendered":null}],"rendered":"\u001b[1m\u001b[91merror[E0255]\u001b[0m\u001b[1m: the name `classify_page` is defined multiple times\u001b[0m\n \u001b[1m\u001b[94m--> \u001b[0msrc/fusion/finalize.rs:4:1\n  \u001b[1m\u001b[94m|\u001b[0m\n\u001b[1m\u001b[94m2\u001b[0m \u001b[1m\u001b[94m|\u001b[0m use crate::core::page_classifier::{classify_page, PageSignals};\n  \u001b[1m\u001b[94m|\u001b[0m                                    \u001b[1m\u001b[94m-------------\u001b[0m \u001b[1m\u001b[94mprevious import of the value `classify_page` here\u001b[0m\n\u001b[1m\u001b[94m3\u001b[0m \u001b[1m\u001b[94m|\u001b[0m\n\u001b[1m\u001b[94m4\u001b[0m \u001b[1m\u001b[94m|\u001b[0m pub fn classify_page(parser: &PageHypothesis, ocr: &PageHypothesis) -> PageClass {\n  \u001b[1m\u001b[94m|\u001b[0m \u001b[1m\u001b[91m^^^^^^^^^^^^^^^^^^^^^^^^^^^^^^^^^^^^^^^^^^^^^^^^^^^^^^^^^^^^^^^^^^^^^^^^^^^^^^^^\u001b[0m \u001b[1m\u001b[91m`classify_page` redefined here\u001b[0m\n  \u001b[1m\u001b[94m|\u001b[0m\n  \u001b[1m\u001b[94m= \u001b[0m\u001b[1mnote\u001b[0m: `classify_page` must be defined only once in the value namespace of this module\n\u001b[1m\u001b[96mhelp\u001b[0m: you can use `as` to change the binding name of the import\n  \u001b[1m\u001b[94m|\u001b[0m\n\u001b[1m\u001b[94m2\u001b[0m \u001b[1m\u001b[94m| \u001b[0muse crate::core::page_classifier::{classify_page\u001b[92m as other_classify_page\u001b[0m, PageSignals};\n  \u001b[1m\u001b[94m|\u001b[0m                                                  \u001b[92m++++++++++++++++++++++\u001b[0m\n\n"}
{"$message_type":"diagnostic","message":"invalid format string: expected `}`, found `.`","code":null,"level":"error","spans":[{"file_name":"src/export/html_debug_export.rs","byte_start":4035,"byte_end":4035,"line_start":112,"line_end":112,"column_start":39,"column_end":39,"is_primary":true,"text":[{"text":"    info.innerHTML = `provenance: ${el.dataset.provenance}<br/>confidence: ${el.dataset.confidence}<br/>similarity: ${el.dataset.similarity}<br/>parser_text: ${el.dataset.parserText}<br/>ocr_text: ${el.dataset.ocrText}<br/>final_text: ${el.dataset.finalText}`;","highlight_start":39,"highlight_end":39}],"label":"expected `}` in format string","suggested_replacement":null,"suggestion_applicability":null,"expansion":null},{"file_name":"src/export/html_debug_export.rs","byte_start":4032,"byte_end":4033,"line_start":112,"line_end":112,"column_start":36,"column_end":37,"is_primary":false,"text":[{"text":"    info.innerHTML = `provenance: ${el.dataset.provenance}<br/>confidence: ${el.dataset.confidence}<br/>similarity: ${el.dataset.similarity}<br/>parser_text: ${el.dataset.parserText}<br/>ocr_text: ${el.dataset.ocrText}<br/>final_text: ${el.dataset.finalText}`;","highlight_start":36,"highlight_end":37}],"label":"because of this opening brace","suggested_replacement":null,"suggestion_applicability":null,"expansion":null}],"children":[{"message":"if you intended to print `{`, you can escape it using `{{`","code":null,"level":"note","spans":[],"children":[],"rendered":null}],"rendered":"\u001b[1m\u001b[91merror\u001b[0m\u001b[1m: invalid format string: expected `}`, found `.`\u001b[0m\n   \u001b[1m\u001b[94m--> \u001b[0msrc/export/html_debug_export.rs:112:39\n    \u001b[1m\u001b[94m|\u001b[0m\n\u001b[1m\u001b[94m112\u001b[0m \u001b[1m\u001b[94m|\u001b[0m     info.innerHTML = `provenance: ${el.dataset.provenance}<br/>confidence: \u001b[1m\u001b[94m...\u001b[0m\n    \u001b[1m\u001b[94m|\u001b[0m                                    \u001b[1m\u001b[94m-\u001b[0m  \u001b[1m\u001b[91m^\u001b[0m \u001b[1m\u001b[91mexpected `}` in format string\u001b[0m\n    \u001b[1m\u001b[94m|\u001b[0m                                    \u001b[1m\u001b[94m|\u001b[0m\n    \u001b[1m\u001b[94m|\u001b[0m                                    \u001b[1m\u001b[94mbecause of this opening brace\u001b[0m\n    \u001b[1m\u001b[94m|\u001b[0m\n    \u001b[1m\u001b[94m= \u001b[0m\u001b[1mnote\u001b[0m: if you intended to print `{`, you can escape it using `{{`\n\n"}
{"$message_type":"diagnostic","message":"unused import: `classify_page`","code":{"code":"unused_imports","explanation":null},"level":"warning","spans":[{"file_name":"src/fusion/finalize.rs","byte_start":88,"byte_end":101,"line_start":2,"line_end":2,"column_start":36,"column_end":49,"is_primary":true,"text":[{"text":"use crate::core::page_classifier::{classify_page, PageSignals};","highlight_start":36,"highlight_end":49}],"label":null,"suggested_replacement":null,"suggestion_applicability":null,"expansion":null}],"children":[{"message":"`#[warn(unused_imports)]` (part of `#[warn(unused)]`) on by default","code":null,"level":"note","spans":[],"children":[],"rendered":null},{"message":"remove the unused import","code":null,"level":"help","spans":[{"file_name":"src/fusion/finalize.rs","byte_start":88,"byte_end":103,"line_start":2,"line_end":2,"column_start":36,"column_end":51,"is_primary":true,"text":[{"text":"use crate::core::page_classifier::{classify_page, PageSignals};","highlight_start":36,"highlight_end":51}],"label":null,"suggested_replacement":"","suggestion_applicability":"MachineApplicable","expansion":null},{"file_name":"src/fusion/finalize.rs","byte_start":87,"byte_end":88,"line_start":2,"line_end":2,"column_start":35,"column_end":36,"is_primary":true,"text":[{"text":"use crate::core::page_classifier::{classify_page, PageSignals};","highlight_start":35,"highlight_end":36}],"label":null,"suggested_replacement":"","suggestion_applicability":"MachineApplicable","expansion":null},{"file_name":"src/fusion/finalize.rs","byte_start":114,"byte_end":115,"line_start":2,"line_end":2,"column_start":62,"column_end":63,"is_primary":true,"text":[{"text":"use crate::core::page_classifier::{classify_page, PageSignals};","highlight_start":62,"highlight_end":63}],"label":null,"suggested_replacement":"","suggestion_applicability":"MachineApplicable","expansion":null}],"children":[],"rendered":null}],"rendered":"\u001b[1m\u001b[33mwarning\u001b[0m\u001b[1m: unused import: `classify_page`\u001b[0m\n \u001b[1m\u001b[94m--> \u001b[0msrc/fusion/finalize.rs:2:36\n  \u001b[1m\u001b[94m|\u001b[0m\n\u001b[1m\u001b[94m2\u001b[0m \u001b[1m\u001b[94m|\u001b[0m use crate::core::page_classifier::{classify_page, PageSignals};\n  \u001b[1m\u001b[94m|\u001b[0m                                    \u001b[1m\u001b[33m^^^^^^^^^^^^^\u001b[0m\n  \u001b[1m\u001b[94m|\u001b[0m\n  \u001b[1m\u001b[94m= \u001b[0m\u001b[1mnote\u001b[0m: `#[warn(unused_imports)]` (part of `#[warn(unused)]`) on by default\n\n"}
{"$message_type":"diagnostic","message":"can't call method `clamp` on ambiguous numeric type `{float}`","code":{"code":"E0689","explanation":"A method was called on an ambiguous numeric type.\n\nErroneous code example:\n\n```compile_fail,E0689\n2.0.neg(); // error!\n```\n\nThis error indicates that the numeric value for the method being passed exists\nbut the type of the numeric value or binding could not be identified.\n\nThe error happens on numeric literals and on numeric bindings without an\nidentified concrete type:\n\n```compile_fail,E0689\nlet x = 2.0;\nx.neg();  // same error as above\n```\n\nBecause of this, you must give the numeric literal or binding a type:\n\n```\nuse std::ops::Neg;\n\nlet _ = 2.0_f32.neg(); // ok!\nlet x: f32 = 2.0;\nlet _ = x.neg(); // ok!\nlet _ = (2.0 as f32).neg(); // ok!\n```\n"},"level":"error","spans":[{"file_name":"src/core/confidence.rs","byte_start":551,"byte_end":556,"line_start":31,"line_end":31,"column_start":11,"column_end":16,"is_primary":true,"text":[{"text":"    score.clamp(0.0, 1.0)","highlight_start":11,"highlight_end":16}],"label":null,"suggested_replacement":null,"suggestion_applicability":null,"expansion":null}],"children":[{"message":"you must specify a type for this binding, like `f32`","code":null,"level":"help","spans":[{"file_name":"src/core/confidence.rs","byte_start":148,"byte_end":148,"line_start":7,"line_end":7,"column_start":18,"column_end":18,"is_primary":true,"text":[{"text":"    let mut score = 0.0;","highlight_start":18,"highlight_end":18}],"label":null,"suggested_replacement":": f32","suggestion_applicability":"MaybeIncorrect","expansion":null}],"children":[],"rendered":null}],"rendered":"\u001b[1m\u001b[91merror[E0689]\u001b[0m\u001b[1m: can't call method `clamp` on ambiguous numeric type `{float}`\u001b[0m\n  \u001b[1m\u001b[94m--> \u001b[0msrc/core/confidence.rs:31:11\n   \u001b[1m\u001b[94m|\u001b[0m\n\u001b[1m\u001b[94m31\u001b[0m \u001b[1m\u001b[94m|\u001b[0m     score.clamp(0.0, 1.0)\n   \u001b[1m\u001b[94m|\u001b[0m           \u001b[1m\u001b[91m^^^^^\u001b[0m\n   \u001b[1m\u001b[94m|\u001b[0m\n\u001b[1m\u001b[96mhelp\u001b[0m: you must specify a type for this binding, like `f32`\n   \u001b[1m\u001b[94m|\u001b[0m\n \u001b[1m\u001b[94m7\u001b[0m \u001b[1m\u001b[94m| \u001b[0m    let mut score\u001b[92m: f32\u001b[0m = 0.0;\n   \u001b[1m\u001b[94m|\u001b[0m                  \u001b[92m+++++\u001b[0m\n\n"}
{"$message_type":"diagnostic","message":"this function takes 2 arguments but 1 argument was supplied","code":{"code":"E0061","explanation":"An invalid number of arguments was passed when calling a function.\n\nErroneous code example:\n\n```compile_fail,E0061\nfn f(u: i32) {}\n\nf(); // error!\n```\n\nThe number of arguments passed to a function must match the number of arguments\nspecified in the function signature.\n\nFor example, a function like:\n\n```\nfn f(a: u16, b: &str) {}\n```\n\nMust always be called with exactly two arguments, e.g., `f(2, \"test\")`.\n\nNote that Rust does not have a notion of optional function arguments or\nvariadic functions (except for its C-FFI).\n"},"level":"error","spans":[{"file_name":"src/fusion/finalize.rs","byte_start":744,"byte_end":751,"line_start":22,"line_end":22,"column_start":19,"column_end":26,"is_primary":false,"text":[{"text":"    classify_page(signals)","highlight_start":19,"highlight_end":26}],"label":"expected `&PageHypothesis`, found `PageSignals`","suggested_replacement":null,"suggestion_applicability":null,"expansion":null},{"file_name":"src/fusion/finalize.rs","byte_start":743,"byte_end":752,"line_start":22,"line_end":22,"column_start":18,"column_end":27,"is_primary":false,"text":[{"text":"    classify_page(signals)","highlight_start":18,"highlight_end":27}],"label":"argument #2 of type `&PageHypothesis` is missing","suggested_replacement":null,"suggestion_applicability":null,"expansion":null},{"file_name":"src/fusion/finalize.rs","byte_start":730,"byte_end":743,"line_start":22,"line_end":22,"column_start":5,"column_end":18,"is_primary":true,"text":[{"text":"    classify_page(signals)","highlight_start":5,"highlight_end":18}],"label":null,"suggested_replacement":null,"suggestion_applicability":null,"expansion":null}],"children":[{"message":"function defined here","code":null,"level":"note","spans":[{"file_name":"src/fusion/finalize.rs","byte_start":139,"byte_end":162,"line_start":4,"line_end":4,"column_start":22,"column_end":45,"is_primary":false,"text":[{"text":"pub fn classify_page(parser: &PageHypothesis, ocr: &PageHypothesis) -> PageClass {","highlight_start":22,"highlight_end":45}],"label":"","suggested_replacement":null,"suggestion_applicability":null,"expansion":null},{"file_name":"src/fusion/finalize.rs","byte_start":164,"byte_end":184,"line_start":4,"line_end":4,"column_start":47,"column_end":67,"is_primary":false,"text":[{"text":"pub fn classify_page(parser: &PageHypothesis, ocr: &PageHypothesis) -> PageClass {","highlight_start":47,"highlight_end":67}],"label":"","suggested_replacement":null,"suggestion_applicability":null,"expansion":null},{"file_name":"src/fusion/finalize.rs","byte_start":125,"byte_end":138,"line_start":4,"line_end":4,"column_start":8,"column_end":21,"is_primary":true,"text":[{"text":"pub fn classify_page(parser: &PageHypothesis, ocr: &PageHypothesis) -> PageClass {","highlight_start":8,"highlight_end":21}],"label":null,"suggested_replacement":null,"suggestion_applicability":null,"expansion":null}],"children":[],"rendered":null},{"message":"provide the argument","code":null,"level":"help","spans":[{"file_name":"src/fusion/finalize.rs","byte_start":743,"byte_end":752,"line_start":22,"line_end":22,"column_start":18,"column_end":27,"is_primary":true,"text":[{"text":"    classify_page(signals)","highlight_start":18,"highlight_end":27}],"label":null,"suggested_replacement":"(/* &PageHypothesis */, /* &PageHypothesis */)","suggestion_applicability":"HasPlaceholders","expansion":null}],"children":[],"rendered":null}],"rendered":"\u001b[1m\u001b[91merror[E0061]\u001b[0m\u001b[1m: this function takes 2 arguments but 1 argument was supplied\u001b[0m\n  \u001b[1m\u001b[94m--> \u001b[0msrc/fusion/finalize.rs:22:5\n   \u001b[1m\u001b[94m|\u001b[0m\n\u001b[1m\u001b[94m22\u001b[0m \u001b[1m\u001b[94m|\u001b[0m     classify_page(signals)\n   \u001b[1m\u001b[94m|\u001b[0m     \u001b[1m\u001b[91m^^^^^^^^^^^^^\u001b[0m\u001b[1m\u001b[94m---------\u001b[0m\n   \u001b[1m\u001b[94m|\u001b[0m                  \u001b[1m\u001b[94m||\u001b[0m\n   \u001b[1m\u001b[94m|\u001b[0m                  \u001b[1m\u001b[94m|\u001b[0m\u001b[1m\u001b[94mexpected `&PageHypothesis`, found `PageSignals`\u001b[0m\n   \u001b[1m\u001b[94m|\u001b[0m                  \u001b[1m\u001b[94margument #2 of type `&PageHypothesis` is missing\u001b[0m\n   \u001b[1m\u001b[94m|\u001b[0m\n\u001b[1m\u001b[92mnote\u001b[0m: function defined here\n  \u001b[1m\u001b[94m--> \u001b[0msrc/fusion/finalize.rs:4:8\n   \u001b[1m\u001b[94m|\u001b[0m\n \u001b[1m\u001b[94m4\u001b[0m \u001b[1m\u001b[94m|\u001b[0m pub fn classify_page(parser: &PageHypothesis, ocr: &PageHypothesis) -> PageC\u001b[1m\u001b[94m...\u001b[0m\n   \u001b[1m\u001b[94m|\u001b[0m        \u001b[1m\u001b[92m^^^^^^^^^^^^^\u001b[0m \u001b[1m\u001b[94m-----------------------\u001b[0m  \u001b[1m\u001b[94m--------------------\u001b[0m\n\u001b[1m\u001b[96mhelp\u001b[0m: provide the argument\n   \u001b[1m\u001b[94m|\u001b[0m\n\u001b[1m\u001b[94m22\u001b[0m \u001b[91m- \u001b[0m    classify_page\u001b[91m(signals)\u001b[0m\n\u001b[1m\u001b[94m22\u001b[0m \u001b[92m+ \u001b[0m    classify_page\u001b[92m(/* &PageHypothesis */, /* &PageHypothesis */)\u001b[0m\n   \u001b[1m\u001b[94m|\u001b[0m\n\n"}
{"$message_type":"diagnostic","message":"mismatched types","code":{"code":"E0308","explanation":"Expected type did not match the received type.\n\nErroneous code examples:\n\n```compile_fail,E0308\nfn plus_one(x: i32) -> i32 {\n    x + 1\n}\n\nplus_one(\"Not a number\");\n//       ^^^^^^^^^^^^^^ expected `i32`, found `&str`\n\nif \"Not a bool\" {\n// ^^^^^^^^^^^^ expected `bool`, found `&str`\n}\n\nlet x: f32 = \"Not a float\";\n//     ---   ^^^^^^^^^^^^^ expected `f32`, found `&str`\n//     |\n//     expected due to this\n```\n\nThis error occurs when an expression was used in a place where the compiler\nexpected an expression of a different type. It can occur in several cases, the\nmost common being when calling a function and passing an argument which has a\ndifferent type than the matching type in the function declaration.\n"},"level":"error","spans":[{"file_name":"src/fusion/resolve.rs","byte_start":3668,"byte_end":3678,"line_start":104,"line_end":104,"column_start":38,"column_end":48,"is_primary":true,"text":[{"text":"                    final_text: Some(final_text),","highlight_start":38,"highlight_end":48}],"label":"expected `String`, found `Option<String>`","suggested_replacement":null,"suggestion_applicability":null,"expansion":null},{"file_name":"src/fusion/resolve.rs","byte_start":3663,"byte_end":3667,"line_start":104,"line_end":104,"column_start":33,"column_end":37,"is_primary":false,"text":[{"text":"                    final_text: Some(final_text),","highlight_start":33,"highlight_end":37}],"label":"arguments to this enum variant are incorrect","suggested_replacement":null,"suggestion_applicability":null,"expansion":null}],"children":[{"message":"expected struct `std::string::String`\n     found enum `std::option::Option<std::string::String>`","code":null,"level":"note","spans":[],"children":[],"rendered":null},{"message":"the type constructed contains `std::option::Option<std::string::String>` due to the type of the argument passed","code":null,"level":"help","spans":[{"file_name":"src/fusion/resolve.rs","byte_start":3668,"byte_end":3678,"line_start":104,"line_end":104,"column_start":38,"column_end":48,"is_primary":false,"text":[{"text":"                    final_text: Some(final_text),","highlight_start":38,"highlight_end":48}],"label":"this argument influences the type of `Some`","suggested_replacement":null,"suggestion_applicability":null,"expansion":null},{"file_name":"src/fusion/resolve.rs","byte_start":3663,"byte_end":3679,"line_start":104,"line_end":104,"column_start":33,"column_end":49,"is_primary":true,"text":[{"text":"                    final_text: Some(final_text),","highlight_start":33,"highlight_end":49}],"label":null,"suggested_replacement":null,"suggestion_applicability":null,"expansion":null}],"children":[],"rendered":null},{"message":"tuple variant defined here","code":null,"level":"note","spans":[{"file_name":"/builddir/build/BUILD/rust-1.92.0-build/rustc-1.92.0-src/library/core/src/option.rs","byte_start":24322,"byte_end":24326,"line_start":607,"line_end":607,"column_start":5,"column_end":9,"is_primary":true,"text":[],"label":null,"suggested_replacement":null,"suggestion_applicability":null,"expansion":null}],"children":[],"rendered":null},{"message":"consider using `Option::expect` to unwrap the `std::option::Option<std::string::String>` value, panicking if the value is an `Option::None`","code":null,"level":"help","spans":[{"file_name":"src/fusion/resolve.rs","byte_start":3678,"byte_end":3678,"line_start":104,"line_end":104,"column_start":48,"column_end":48,"is_primary":true,"text":[{"text":"                    final_text: Some(final_text),","highlight_start":48,"highlight_end":48}],"label":null,"suggested_replacement":".expect(\"REASON\")","suggestion_applicability":"HasPlaceholders","expansion":null}],"children":[],"rendered":null}],"rendered":"\u001b[1m\u001b[91merror[E0308]\u001b[0m\u001b[1m: mismatched types\u001b[0m\n   \u001b[1m\u001b[94m--> \u001b[0msrc/fusion/resolve.rs:104:38\n    \u001b[1m\u001b[94m|\u001b[0m\n\u001b[1m\u001b[94m104\u001b[0m \u001b[1m\u001b[94m|\u001b[0m                     final_text: Some(final_text),\n    \u001b[1m\u001b[94m|\u001b[0m                                 \u001b[1m\u001b[94m----\u001b[0m \u001b[1m\u001b[91m^^^^^^^^^^\u001b[0m \u001b[1m\u001b[91mexpected `String`, found `Option<String>`\u001b[0m\n    \u001b[1m\u001b[94m|\u001b[0m                                 \u001b[1m\u001b[94m|\u001b[0m\n    \u001b[1m\u001b[94m|\u001b[0m                                 \u001b[1m\u001b[94marguments to this enum variant are incorrect\u001b[0m\n    \u001b[1m\u001b[94m|\u001b[0m\n    \u001b[1m\u001b[94m= \u001b[0m\u001b[1mnote\u001b[0m: expected struct `std::string::String`\n                 found enum `\u001b[1m\u001b[35mstd::option::Option<\u001b[0mstd::string::String\u001b[1m\u001b[35m>\u001b[0m`\n\u001b[1m\u001b[96mhelp\u001b[0m: the type constructed contains `std::option::Option<std::string::String>` due to the type of the argument passed\n   \u001b[1m\u001b[94m--> \u001b[0msrc/fusion/resolve.rs:104:33\n    \u001b[1m\u001b[94m|\u001b[0m\n\u001b[1m\u001b[94m104\u001b[0m \u001b[1m\u001b[94m|\u001b[0m                     final_text: Some(final_text),\n    \u001b[1m\u001b[94m|\u001b[0m                                 \u001b[1m\u001b[96m^^^^^\u001b[0m\u001b[1m\u001b[94m----------\u001b[0m\u001b[1m\u001b[96m^\u001b[0m\n    \u001b[1m\u001b[94m|\u001b[0m                                      \u001b[1m\u001b[94m|\u001b[0m\n    \u001b[1m\u001b[94m|\u001b[0m                                      \u001b[1m\u001b[94mthis argument influences the type of `Some`\u001b[0m\n\u001b[1m\u001b[92mnote\u001b[0m: tuple variant defined here\n   \u001b[1m\u001b[94m--> \u001b[0m/builddir/build/BUILD/rust-1.92.0-build/rustc-1.92.0-src/library/core/src/option.rs:607:5\n\u001b[1m\u001b[96mhelp\u001b[0m: consider using `Option::expect` to unwrap the `std::option::Option<std::string::String>` value, panicking if the value is an `Option::None`\n    \u001b[1m\u001b[94m|\u001b[0m\n\u001b[1m\u001b[94m104\u001b[0m \u001b[1m\u001b[94m| \u001b[0m                    final_text: Some(final_text\u001b[92m.expect(\"REASON\")\u001b[0m),\n    \u001b[1m\u001b[94m|\u001b[0m                                                \u001b[92m+++++++++++++++++\u001b[0m\n\n"}
{"$message_type":"diagnostic","message":"the trait bound `[i32]: EncodableLayout` is not satisfied","code":{"code":"E0277","explanation":"You tried to use a type which doesn't implement some trait in a place which\nexpected that trait.\n\nErroneous code example:\n\n```compile_fail,E0277\n// here we declare the Foo trait with a bar method\ntrait Foo {\n    fn bar(&self);\n}\n\n// we now declare a function which takes an object implementing the Foo trait\nfn some_func<T: Foo>(foo: T) {\n    foo.bar();\n}\n\nfn main() {\n    // we now call the method with the i32 type, which doesn't implement\n    // the Foo trait\n    some_func(5i32); // error: the trait bound `i32 : Foo` is not satisfied\n}\n```\n\nIn order to fix this error, verify that the type you're using does implement\nthe trait. Example:\n\n```\ntrait Foo {\n    fn bar(&self);\n}\n\n// we implement the trait on the i32 type\nimpl Foo for i32 {\n    fn bar(&self) {}\n}\n\nfn some_func<T: Foo>(foo: T) {\n    foo.bar(); // we can now use this method since i32 implements the\n               // Foo trait\n}\n\nfn main() {\n    some_func(5i32); // ok!\n}\n```\n\nOr in a generic context, an erroneous code example would look like:\n\n```compile_fail,E0277\nfn some_func<T>(foo: T) {\n    println!(\"{:?}\", foo); // error: the trait `core::fmt::Debug` is not\n                           //        implemented for the type `T`\n}\n\nfn main() {\n    // We now call the method with the i32 type,\n    // which *does* implement the Debug trait.\n    some_func(5i32);\n}\n```\n\nNote that the error here is in the definition of the generic function. Although\nwe only call it with a parameter that does implement `Debug`, the compiler\nstill rejects the function. It must work with all possible input types. In\norder to make this example compile, we need to restrict the generic type we're\naccepting:\n\n```\nuse std::fmt;\n\n// Restrict the input type to types that implement Debug.\nfn some_func<T: fmt::Debug>(foo: T) {\n    println!(\"{:?}\", foo);\n}\n\nfn main() {\n    // Calling the method is still fine, as i32 implements Debug.\n    some_func(5i32);\n\n    // This would fail to compile now:\n    // struct WithoutDebug;\n    // some_func(WithoutDebug);\n}\n```\n\nRust only looks at the signature of the called function, as such it must\nalready specify all requirements that will be used for every type parameter.\n"},"level":"error","spans":[{"file_name":"src/ocr/renderer.rs","byte_start":887,"byte_end":891,"line_start":31,"line_end":31,"column_start":15,"column_end":19,"is_primary":true,"text":[{"text":"        image.save(&path)?;","highlight_start":15,"highlight_end":19}],"label":"the trait `EncodableLayout` is not implemented for `[i32]`","suggested_replacement":null,"suggestion_applicability":null,"expansion":null}],"children":[{"message":"the following other types implement trait `EncodableLayout`:\n  [f32]\n  [u16]\n  [u8]","code":null,"level":"help","spans":[],"children":[],"rendered":null},{"message":"required by a bound in `ImageBuffer::<P, Container>::save`","code":null,"level":"note","spans":[{"file_name":"/home/dev/.cargo/registry/src/index.crates.io-1949cf8c6b5b557f/image-0.25.9/src/images/buffer.rs","byte_start":30756,"byte_end":30760,"line_start":1051,"line_end":1051,"column_start":12,"column_end":16,"is_primary":false,"text":[{"text":"    pub fn save<Q>(&self, path: Q) -> ImageResult<()>","highlight_start":12,"highlight_end":16}],"label":"required by a bound in this associated function","suggested_replacement":null,"suggestion_applicability":null,"expansion":null},{"file_name":"/home/dev/.cargo/registry/src/index.crates.io-1949cf8c6b5b557f/image-0.25.9/src/images/buffer.rs","byte_start":30553,"byte_end":30568,"line_start":1045,"line_end":1045,"column_start":20,"column_end":35,"is_primary":true,"text":[{"text":"    [P::Subpixel]: EncodableLayout,","highlight_start":20,"highlight_end":35}],"label":"required by this bound in `ImageBuffer::<P, Container>::save`","suggested_replacement":null,"suggestion_applicability":null,"expansion":null}],"children":[],"rendered":null}],"rendered":"\u001b[1m\u001b[91merror[E0277]\u001b[0m\u001b[1m: the trait bound `[i32]: EncodableLayout` is not satisfied\u001b[0m\n    \u001b[1m\u001b[94m--> \u001b[0msrc/ocr/renderer.rs:31:15\n     \u001b[1m\u001b[94m|\u001b[0m\n  \u001b[1m\u001b[94m31\u001b[0m \u001b[1m\u001b[94m|\u001b[0m         image.save(&path)?;\n     \u001b[1m\u001b[94m|\u001b[0m               \u001b[1m\u001b[91m^^^^\u001b[0m \u001b[1m\u001b[91mthe trait `EncodableLayout` is not implemented for `[i32]`\u001b[0m\n     \u001b[1m\u001b[94m|\u001b[0m\n     \u001b[1m\u001b[94m= \u001b[0m\u001b[1mhelp\u001b[0m: the following other types implement trait `EncodableLayout`:\n               [f32]\n               [u16]\n               [u8]\n\u001b[1m\u001b[92mnote\u001b[0m: required by a bound in `ImageBuffer::<P, Container>::save`\n    \u001b[1m\u001b[94m--> \u001b[0m/home/dev/.cargo/registry/src/index.crates.io-1949cf8c6b5b557f/image-0.25.9/src/images/buffer.rs:1045:20\n     \u001b[1m\u001b[94m|\u001b[0m\n\u001b[1m\u001b[94m1045\u001b[0m \u001b[1m\u001b[94m|\u001b[0m     [P::Subpixel]: EncodableLayout,\n     \u001b[1m\u001b[94m|\u001b[0m                    \u001b[1m\u001b[92m^^^^^^^^^^^^^^^\u001b[0m \u001b[1m\u001b[92mrequired by this bound in `ImageBuffer::<P, Container>::save`\u001b[0m\n\u001b[1m\u001b[94m...\u001b[0m\n\u001b[1m\u001b[94m1051\u001b[0m \u001b[1m\u001b[94m|\u001b[0m     pub fn save<Q>(&self, path: Q) -> ImageResult<()>\n     \u001b[1m\u001b[94m|\u001b[0m            \u001b[1m\u001b[94m----\u001b[0m \u001b[1m\u001b[94mrequired by a bound in this associated function\u001b[0m\n\n"}
{"$message_type":"diagnostic","message":"the trait bound `Rgb<i32>: PixelWithColorType` is not satisfied","code":{"code":"E0277","explanation":"You tried to use a type which doesn't implement some trait in a place which\nexpected that trait.\n\nErroneous code example:\n\n```compile_fail,E0277\n// here we declare the Foo trait with a bar method\ntrait Foo {\n    fn bar(&self);\n}\n\n// we now declare a function which takes an object implementing the Foo trait\nfn some_func<T: Foo>(foo: T) {\n    foo.bar();\n}\n\nfn main() {\n    // we now call the method with the i32 type, which doesn't implement\n    // the Foo trait\n    some_func(5i32); // error: the trait bound `i32 : Foo` is not satisfied\n}\n```\n\nIn order to fix this error, verify that the type you're using does implement\nthe trait. Example:\n\n```\ntrait Foo {\n    fn bar(&self);\n}\n\n// we implement the trait on the i32 type\nimpl Foo for i32 {\n    fn bar(&self) {}\n}\n\nfn some_func<T: Foo>(foo: T) {\n    foo.bar(); // we can now use this method since i32 implements the\n               // Foo trait\n}\n\nfn main() {\n    some_func(5i32); // ok!\n}\n```\n\nOr in a generic context, an erroneous code example would look like:\n\n```compile_fail,E0277\nfn some_func<T>(foo: T) {\n    println!(\"{:?}\", foo); // error: the trait `core::fmt::Debug` is not\n                           //        implemented for the type `T`\n}\n\nfn main() {\n    // We now call the method with the i32 type,\n    // which *does* implement the Debug trait.\n    some_func(5i32);\n}\n```\n\nNote that the error here is in the definition of the generic function. Although\nwe only call it with a parameter that does implement `Debug`, the compiler\nstill rejects the function. It must work with all possible input types. In\norder to make this example compile, we need to restrict the generic type we're\naccepting:\n\n```\nuse std::fmt;\n\n// Restrict the input type to types that implement Debug.\nfn some_func<T: fmt::Debug>(foo: T) {\n    println!(\"{:?}\", foo);\n}\n\nfn main() {\n    // Calling the method is still fine, as i32 implements Debug.\n    some_func(5i32);\n\n    // This would fail to compile now:\n    // struct WithoutDebug;\n    // some_func(WithoutDebug);\n}\n```\n\nRust only looks at the signature of the called function, as such it must\nalready specify all requirements that will be used for every type parameter.\n"},"level":"error","spans":[{"file_name":"src/ocr/renderer.rs","byte_start":887,"byte_end":891,"line_start":31,"line_end":31,"column_start":15,"column_end":19,"is_primary":true,"text":[{"text":"        image.save(&path)?;","highlight_start":15,"highlight_end":19}],"label":"the trait `PixelWithColorType` is not implemented for `Rgb<i32>`","suggested_replacement":null,"suggestion_applicability":null,"expansion":null}],"children":[{"message":"the following other types implement trait `PixelWithColorType`:\n  Rgb<f32>\n  Rgb<u16>\n  Rgb<u8>","code":null,"level":"help","spans":[],"children":[],"rendered":null},{"message":"required by a bound in `ImageBuffer::<P, Container>::save`","code":null,"level":"note","spans":[{"file_name":"/home/dev/.cargo/registry/src/index.crates.io-1949cf8c6b5b557f/image-0.25.9/src/images/buffer.rs","byte_start":30756,"byte_end":30760,"line_start":1051,"line_end":1051,"column_start":12,"column_end":16,"is_primary":false,"text":[{"text":"    pub fn save<Q>(&self, path: Q) -> ImageResult<()>","highlight_start":12,"highlight_end":16}],"label":"required by a bound in this associated function","suggested_replacement":null,"suggestion_applicability":null,"expansion":null},{"file_name":"/home/dev/.cargo/registry/src/index.crates.io-1949cf8c6b5b557f/image-0.25.9/src/images/buffer.rs","byte_start":30844,"byte_end":30862,"line_start":1054,"line_end":1054,"column_start":12,"column_end":30,"is_primary":true,"text":[{"text":"        P: PixelWithColorType,","highlight_start":12,"highlight_end":30}],"label":"required by this bound in `ImageBuffer::<P, Container>::save`","suggested_replacement":null,"suggestion_applicability":null,"expansion":null}],"children":[],"rendered":null}],"rendered":"\u001b[1m\u001b[91merror[E0277]\u001b[0m\u001b[1m: the trait bound `Rgb<i32>: PixelWithColorType` is not satisfied\u001b[0m\n    \u001b[1m\u001b[94m--> \u001b[0msrc/ocr/renderer.rs:31:15\n     \u001b[1m\u001b[94m|\u001b[0m\n  \u001b[1m\u001b[94m31\u001b[0m \u001b[1m\u001b[94m|\u001b[0m         image.save(&path)?;\n     \u001b[1m\u001b[94m|\u001b[0m               \u001b[1m\u001b[91m^^^^\u001b[0m \u001b[1m\u001b[91mthe trait `PixelWithColorType` is not implemented for `Rgb<i32>`\u001b[0m\n     \u001b[1m\u001b[94m|\u001b[0m\n     \u001b[1m\u001b[94m= \u001b[0m\u001b[1mhelp\u001b[0m: the following other types implement trait `PixelWithColorType`:\n               Rgb<f32>\n               Rgb<u16>\n               Rgb<u8>\n\u001b[1m\u001b[92mnote\u001b[0m: required by a bound in `ImageBuffer::<P, Container>::save`\n    \u001b[1m\u001b[94m--> \u001b[0m/home/dev/.cargo/registry/src/index.crates.io-1949cf8c6b5b557f/image-0.25.9/src/images/buffer.rs:1054:12\n     \u001b[1m\u001b[94m|\u001b[0m\n\u001b[1m\u001b[94m1051\u001b[0m \u001b[1m\u001b[94m|\u001b[0m     pub fn save<Q>(&self, path: Q) -> ImageResult<()>\n     \u001b[1m\u001b[94m|\u001b[0m            \u001b[1m\u001b[94m----\u001b[0m \u001b[1m\u001b[94mrequired by a bound in this associated function\u001b[0m\n\u001b[1m\u001b[94m...\u001b[0m\n\u001b[1m\u001b[94m1054\u001b[0m \u001b[1m\u001b[94m|\u001b[0m         P: PixelWithColorType,\n     \u001b[1m\u001b[94m|\u001b[0m            \u001b[1m\u001b[92m^^^^^^^^^^^^^^^^^^\u001b[0m \u001b[1m\u001b[92mrequired by this bound in `ImageBuffer::<P, Container>::save`\u001b[0m\n\n"}
{"$message_type":"diagnostic","message":"aborting due to 7 previous errors; 1 warning emitted","code":null,"level":"error","spans":[],"children":[],"rendered":"\u001b[1m\u001b[91merror\u001b[0m\u001b[1m: aborting due to 7 previous errors; 1 warning emitted\u001b[0m\n\n"}
{"$message_type":"diagnostic","message":"Some errors have detailed explanations: E0061, E0255, E0277, E0308, E0689.","code":null,"level":"failure-note","spans":[],"children":[],"rendered":"\u001b[1mSome errors have detailed explanations: E0061, E0255, E0277, E0308, E0689.\u001b[0m\n"}
{"$message_type":"diagnostic","message":"For more information about an error, try `rustc --explain E0061`.","code":null,"level":"failure-note","spans":[],"children":[],"rendered":"\u001b[1mFor more information about an error, try `rustc --explain E0061`.\u001b[0m\n"}
